0 info it worked if it ends with ok
1 verbose cli [ '/usr/bin/nodejs', '/usr/bin/npm', 'init' ]
2 info using npm@1.2.18
3 info using node@v0.10.15
4 verbose read json /home/merim/development/startUP/helloWorld/node-js-sample/package.json
5 silly package data undefined
6 info init written successfully
7 error Error: canceled
7 error     at Interface.<anonymous> (/usr/lib/nodejs/read.js:65:13)
7 error     at Interface.EventEmitter.emit (events.js:92:17)
7 error     at Interface._ttyWrite (readline.js:620:16)
7 error     at ReadStream.onkeypress (readline.js:99:10)
7 error     at ReadStream.EventEmitter.emit (events.js:98:17)
7 error     at emitKey (readline.js:1095:12)
7 error     at ReadStream.onData (readline.js:840:14)
7 error     at ReadStream.EventEmitter.emit (events.js:95:17)
7 error     at ReadStream.<anonymous> (_stream_readable.js:736:14)
7 error     at ReadStream.EventEmitter.emit (events.js:92:17)
8 error If you need help, you may report this log at:
8 error     <http://bugs.debian.org/npm>
8 error or use
8 error     reportbug --attach /home/merim/development/startUP/helloWorld/node-js-sample/npm-debug.log npm
9 error System Linux 3.11.0-12-generic
10 error command "/usr/bin/nodejs" "/usr/bin/npm" "init"
11 error cwd /home/merim/development/startUP/helloWorld/node-js-sample
12 error node -v v0.10.15
13 error npm -v 1.2.18
14 verbose exit [ 1, true ]
